[2025-09-16 11:43:05] CONFIG_UPDATED: Email configuration updated by admin
[2025-09-16 11:43:13] CONFIG_UPDATED: Email configuration updated by admin
[2025-09-16 11:49:03] CONFIG_UPDATED: Email configuration updated by admin
[2025-09-16 11:49:17] TEST_EMAIL_FAILED: Test email failed: Failed to send email
[2025-09-16 11:50:50] TEST_EMAIL_FAILED: Test email failed: Failed to send email
[2025-09-16 11:50:57] CONFIG_UPDATED: Email configuration updated by admin
[2025-09-16 11:51:39] TEST_EMAIL_FAILED: Test email failed: Failed to send email
[2025-09-16 11:51:59] TEST_EMAIL_FAILED: Test email failed: Failed to send email
[2025-09-16 11:52:13] CONFIG_UPDATED: Email configuration updated by admin
[2025-09-16 11:52:32] TEST_EMAIL_FAILED: Test email failed: Failed to send email
[2025-09-16 11:54:38] CONFIG_UPDATED: Email configuration updated by admin
[2025-09-16 11:54:54] EMAIL_DEBUG: Using config: {"host":"smtp.gmail.com","port":587,"encryption":"tls","username":"","password":"","from_name":"PPRD-DepEd","from_email":"intertas.mico.dichoso@gmail.com","reply_to":"","smtp_host":"smtp.gmail.com","smtp_port":587,"smtp_username":"intertas.mico.dichoso@gmail.com","updated_at":"2025-09-16 11:54:38"}
[2025-09-16 11:54:54] EMAIL_DEBUG: Gmail detected - basic mail() function cannot send via Gmail SMTP
[2025-09-16 11:54:54] TEST_EMAIL_FAILED: Test email failed: Gmail requires SMTP configuration. Basic PHP mail() cannot send Gmail emails. Please install PHPMailer for SMTP support.
[2025-09-16 11:55:21] EMAIL_DEBUG: Using config: {"host":"smtp.gmail.com","port":587,"encryption":"tls","username":"","password":"","from_name":"PPRD-DepEd","from_email":"intertas.mico.dichoso@gmail.com","reply_to":"","smtp_host":"smtp.gmail.com","smtp_port":587,"smtp_username":"intertas.mico.dichoso@gmail.com","updated_at":"2025-09-16 11:54:38"}
[2025-09-16 11:55:21] EMAIL_DEBUG: Gmail detected - basic mail() function cannot send via Gmail SMTP
[2025-09-16 11:55:21] TEST_EMAIL_FAILED: Test email failed: Gmail requires SMTP configuration. Basic PHP mail() cannot send Gmail emails. Please install PHPMailer for SMTP support.
[2025-09-16 07:10:17] EMAIL_DEBUG: Using config: {"host":"smtp.gmail.com","port":587,"encryption":"tls","username":"","password":"","from_name":"PPRD-DepEd","from_email":"intertas.mico.dichoso@gmail.com","reply_to":"","smtp_host":"smtp.gmail.com","smtp_port":587,"smtp_username":"intertas.mico.dichoso@gmail.com","updated_at":"2025-09-16 11:54:38"}
[2025-09-16 07:10:17] EMAIL_DEBUG: Gmail detected - basic mail() function cannot send via Gmail SMTP
[2025-09-16 07:10:17] TEST_EMAIL_FAILED: Test email failed: Gmail requires SMTP configuration. Basic PHP mail() cannot send Gmail emails. Please install PHPMailer for SMTP support.
[2025-09-16 07:24:01] CONFIG_UPDATED: Email configuration updated by admin
[2025-09-16 07:24:19] TEST_EMAIL_FAILED: Test email failed: Gmail STARTTLS failed: 250-SIZE 35882577
[2025-09-16 07:25:21] TEST_EMAIL_FAILED: Test email failed: Gmail STARTTLS failed: 250-SIZE 35882577
[2025-09-16 07:29:44] CONFIG_UPDATED: Email configuration updated by admin
[2025-09-16 07:30:23] TEST_EMAIL_SENT: Test email sent to: intertasmico@gmail.com
[2025-09-16 07:30:58] CONFIG_UPDATED: Email configuration updated by admin
[2025-09-16 07:33:10] CONFIG_UPDATED: Email configuration updated by admin
